app/build/intermediates/manifest_merge_blame_file/debug/manifest-merger-blame-debug-report.txt
1<?xml version="1.0" encoding="utf-8"?>
2<manifest xmlns:android="http://schemas.android.com/apk/res/android"
3    package="com.example.myhive"
4    android:versionCode="1"
5    android:versionName="1.0" >
6
7    <uses-sdk
8        android:minSdkVersion="30"
8-->src\main\AndroidManifest.xml
9        android:targetSdkVersion="30" />
9-->src\main\AndroidManifest.xml
10
11    <application
11-->src\main\AndroidManifest.xml:5:5-56:19
12        android:allowBackup="true"
12-->src\main\AndroidManifest.xml:6:9-35
13        android:appComponentFactory="androidx.core.app.CoreComponentFactory"
13-->[androidx.core:core:1.3.1] AndroidManifest.xml:24:18-86
14        android:debuggable="true"
15        android:extractNativeLibs="false"
16        android:icon="@mipmap/ic_launcher"
16-->src\main\AndroidManifest.xml:7:9-43
17        android:label="@string/app_name"
17-->src\main\AndroidManifest.xml:8:9-41
18        android:roundIcon="@mipmap/ic_launcher_round"
18-->src\main\AndroidManifest.xml:9:9-54
19        android:supportsRtl="true"
19-->src\main\AndroidManifest.xml:10:9-35
20        android:testOnly="true"
21        android:theme="@style/Theme.AppCompat.NoActionBar" >
21-->src\main\AndroidManifest.xml:11:9-59
22        <activity
22-->src\main\AndroidManifest.xml:13:9-19:20
23            android:name="com.example.myhive.SplashScreen"
23-->src\main\AndroidManifest.xml:14:13-41
24            android:screenOrientation="portrait" >
24-->src\main\AndroidManifest.xml:15:13-49
25            <intent-filter>
25-->src\main\AndroidManifest.xml:16:13-18:29
26                <category android:name="android.intent.category.LAUNCHER" />
26-->src\main\AndroidManifest.xml:17:17-77
26-->src\main\AndroidManifest.xml:17:27-74
27            </intent-filter>
28        </activity>
29        <activity
29-->src\main\AndroidManifest.xml:20:9-28:20
30            android:name="com.example.myhive.MainActivity"
30-->src\main\AndroidManifest.xml:21:13-41
31            android:screenOrientation="portrait" >
31-->src\main\AndroidManifest.xml:22:13-49
32            <intent-filter>
32-->src\main\AndroidManifest.xml:23:13-27:29
33                <action android:name="android.intent.action.MAIN" />
33-->src\main\AndroidManifest.xml:24:17-69
33-->src\main\AndroidManifest.xml:24:25-66
34
35                <category android:name="android.intent.category.DEFAULT" />
35-->src\main\AndroidManifest.xml:26:17-76
35-->src\main\AndroidManifest.xml:26:27-73
36            </intent-filter>
37        </activity>
38        <activity
38-->src\main\AndroidManifest.xml:29:9-35:20
39            android:name="com.example.myhive.GameLevels"
39-->src\main\AndroidManifest.xml:30:13-39
40            android:screenOrientation="portrait" >
40-->src\main\AndroidManifest.xml:31:13-49
41            <intent-filter>
41-->src\main\AndroidManifest.xml:32:13-34:29
42                <category android:name="android.intent.category.DEFAULT" />
42-->src\main\AndroidManifest.xml:26:17-76
42-->src\main\AndroidManifest.xml:26:27-73
43            </intent-filter>
44        </activity>
45        <activity
45-->src\main\AndroidManifest.xml:37:9-45:20
46            android:name="com.example.myhive.Level1"
46-->src\main\AndroidManifest.xml:38:13-35
47            android:screenOrientation="portrait" >
47-->src\main\AndroidManifest.xml:39:13-49
48            <intent-filter>
48-->src\main\AndroidManifest.xml:23:13-27:29
49                <action android:name="android.intent.action.MAIN" />
49-->src\main\AndroidManifest.xml:24:17-69
49-->src\main\AndroidManifest.xml:24:25-66
50
51                <category android:name="android.intent.category.DEFAULT" />
51-->src\main\AndroidManifest.xml:26:17-76
51-->src\main\AndroidManifest.xml:26:27-73
52            </intent-filter>
53        </activity>
54        <activity
54-->src\main\AndroidManifest.xml:47:9-55:20
55            android:name="com.example.myhive.Level2"
55-->src\main\AndroidManifest.xml:48:13-35
56            android:screenOrientation="portrait" >
56-->src\main\AndroidManifest.xml:49:13-49
57            <intent-filter>
57-->src\main\AndroidManifest.xml:23:13-27:29
58                <action android:name="android.intent.action.MAIN" />
58-->src\main\AndroidManifest.xml:24:17-69
58-->src\main\AndroidManifest.xml:24:25-66
59
60                <category android:name="android.intent.category.DEFAULT" />
60-->src\main\AndroidManifest.xml:26:17-76
60-->src\main\AndroidManifest.xml:26:27-73
61            </intent-filter>
62        </activity>
63    </application>
64
65</manifest>